# JRE version: OpenJDK Runtime Environment (8.0_76-b03) (build 1.8.0_76-release-b03)
# Java VM: OpenJDK 64-Bit Server VM (25.76-b03 mixed mode windows-amd64 compressed oops)
Heap:
 PSYoungGen      total 253952K, used 35981K [0x00000000e0000000, 0x00000000f1180000, 0x0000000100000000)
  eden space 227840K, 15% used [0x00000000e0000000,0x00000000e23237b0,0x00000000ede80000)
  from space 26112K, 0% used [0x00000000ede80000,0x00000000ede80000,0x00000000ef800000)
  to   space 26112K, 0% used [0x00000000ef800000,0x00000000ef800000,0x00000000f1180000)
 ParOldGen       total 98304K, used 51039K [0x00000000a0000000, 0x00000000a6000000, 0x00000000e0000000)
  object space 98304K, 51% used [0x00000000a0000000,0x00000000a31d7ed8,0x00000000a6000000)
 Metaspace       used 72896K, capacity 75814K, committed 76032K, reserved 1116160K
  class space    used 9370K, capacity 9935K, committed 9984K, reserved 1048576K
GC Heap History (10 events):
Event: 2902.690 GC heap before
{Heap before GC invocations=28 (full 5):
 PSYoungGen      total 200192K, used 199921K [0x00000000e0000000, 0x00000000eff00000, 0x0000000100000000)
  eden space 183296K, 99% used [0x00000000e0000000,0x00000000eb2c2ba8,0x00000000eb300000)
  from space 16896K, 99% used [0x00000000ec900000,0x00000000ed979910,0x00000000ed980000)
  to   space 22528K, 0% used [0x00000000eb300000,0x00000000eb300000,0x00000000ec900000)
 ParOldGen       total 98304K, used 44348K [0x00000000a0000000, 0x00000000a6000000, 0x00000000e0000000)
  object space 98304K, 45% used [0x00000000a0000000,0x00000000a2b4f040,0x00000000a6000000)
 Metaspace       used 70816K, capacity 73022K, committed 74112K, reserved 1114112K
  class space    used 8987K, capacity 9375K, committed 9600K, reserved 1048576K
Event: 2902.861 GC heap after
Heap after GC invocations=28 (full 5):
 PSYoungGen      total 205824K, used 21922K [0x00000000e0000000, 0x00000000f1180000, 0x0000000100000000)
  eden space 183296K, 0% used [0x00000000e0000000,0x00000000e0000000,0x00000000eb300000)
  from space 22528K, 97% used [0x00000000eb300000,0x00000000ec868ac8,0x00000000ec900000)
  to   space 26112K, 0% used [0x00000000ef800000,0x00000000ef800000,0x00000000f1180000)
 ParOldGen       total 98304K, used 53778K [0x00000000a0000000, 0x00000000a6000000, 0x00000000e0000000)
  object space 98304K, 54% used [0x00000000a0000000,0x00000000a3484908,0x00000000a6000000)
 Metaspace       used 70816K, capacity 73022K, committed 74112K, reserved 1114112K
  class space    used 8987K, capacity 9375K, committed 9600K, reserved 1048576K
}
Event: 2903.319 GC heap before
{Heap before GC invocations=29 (full 5):
 PSYoungGen      total 205824K, used 59064K [0x00000000e0000000, 0x00000000f1180000, 0x0000000100000000)
  eden space 183296K, 20% used [0x00000000e0000000,0x00000000e2445900,0x00000000eb300000)
  from space 22528K, 97% used [0x00000000eb300000,0x00000000ec868ac8,0x00000000ec900000)
  to   space 26112K, 0% used [0x00000000ef800000,0x00000000ef800000,0x00000000f1180000)
 ParOldGen       total 98304K, used 53778K [0x00000000a0000000, 0x00000000a6000000, 0x00000000e0000000)
  object space 98304K, 54% used [0x00000000a0000000,0x00000000a3484908,0x00000000a6000000)
 Metaspace       used 70943K, capacity 73088K, committed 74112K, reserved 1114112K
  class space    used 9001K, capacity 9376K, committed 9600K, reserved 1048576K
Event: 2903.347 GC heap after
Heap after GC invocations=29 (full 5):
 PSYoungGen      total 253952K, used 224K [0x00000000e0000000, 0x00000000f1180000, 0x0000000100000000)
  eden space 227840K, 0% used [0x00000000e0000000,0x00000000e0000000,0x00000000ede80000)
  from space 26112K, 0% used [0x00000000ef800000,0x00000000ef838000,0x00000000f1180000)
  to   space 26112K, 0% used [0x00000000ede80000,0x00000000ede80000,0x00000000ef800000)
 ParOldGen       total 98304K, used 67438K [0x00000000a0000000, 0x00000000a6000000, 0x00000000e0000000)
  object space 98304K, 68% used [0x00000000a0000000,0x00000000a41db960,0x00000000a6000000)
 Metaspace       used 70943K, capacity 73088K, committed 74112K, reserved 1114112K
  class space    used 9001K, capacity 9376K, committed 9600K, reserved 1048576K
}
Event: 2903.371 GC heap before
{Heap before GC invocations=30 (full 6):
 PSYoungGen      total 253952K, used 224K [0x00000000e0000000, 0x00000000f1180000, 0x0000000100000000)
  eden space 227840K, 0% used [0x00000000e0000000,0x00000000e0000000,0x00000000ede80000)
  from space 26112K, 0% used [0x00000000ef800000,0x00000000ef838000,0x00000000f1180000)
  to   space 26112K, 0% used [0x00000000ede80000,0x00000000ede80000,0x00000000ef800000)
 ParOldGen       total 98304K, used 67438K [0x00000000a0000000, 0x00000000a6000000, 0x00000000e0000000)
  object space 98304K, 68% used [0x00000000a0000000,0x00000000a41db960,0x00000000a6000000)
 Metaspace       used 70943K, capacity 73088K, committed 74112K, reserved 1114112K
  class space    used 9001K, capacity 9376K, committed 9600K, reserved 1048576K
Event: 2904.060 GC heap after
Heap after GC invocations=30 (full 6):
 PSYoungGen      total 253952K, used 0K [0x00000000e0000000, 0x00000000f1180000, 0x0000000100000000)
  eden space 227840K, 0% used [0x00000000e0000000,0x00000000e0000000,0x00000000ede80000)
  from space 26112K, 0% used [0x00000000ef800000,0x00000000ef800000,0x00000000f1180000)
  to   space 26112K, 0% used [0x00000000ede80000,0x00000000ede80000,0x00000000ef800000)
 ParOldGen       total 98304K, used 38579K [0x00000000a0000000, 0x00000000a6000000, 0x00000000e0000000)
  object space 98304K, 39% used [0x00000000a0000000,0x00000000a25ace38,0x00000000a6000000)
 Metaspace       used 70937K, capacity 73072K, committed 74112K, reserved 1114112K
  class space    used 8999K, capacity 9372K, committed 9600K, reserved 1048576K
}
Event: 3422.409 GC heap before
{Heap before GC invocations=31 (full 6):
 PSYoungGen      total 253952K, used 184210K [0x00000000e0000000, 0x00000000f1180000, 0x0000000100000000)
  eden space 227840K, 80% used [0x00000000e0000000,0x00000000eb3e4ac0,0x00000000ede80000)
  from space 26112K, 0% used [0x00000000ef800000,0x00000000ef800000,0x00000000f1180000)
  to   space 26112K, 0% used [0x00000000ede80000,0x00000000ede80000,0x00000000ef800000)
 ParOldGen       total 98304K, used 38579K [0x00000000a0000000, 0x00000000a6000000, 0x00000000e0000000)
  object space 98304K, 39% used [0x00000000a0000000,0x00000000a25ace38,0x00000000a6000000)
 Metaspace       used 72831K, capacity 75696K, committed 75776K, reserved 1116160K
  class space    used 9359K, capacity 9922K, committed 9984K, reserved 1048576K
Event: 3423.116 GC heap after
Heap after GC invocations=31 (full 6):
 PSYoungGen      total 253952K, used 13024K [0x00000000e0000000, 0x00000000f1180000, 0x0000000100000000)
  eden space 227840K, 0% used [0x00000000e0000000,0x00000000e0000000,0x00000000ede80000)
  from space 26112K, 49% used [0x00000000ede80000,0x00000000eeb38380,0x00000000ef800000)
  to   space 26112K, 0% used [0x00000000ef800000,0x00000000ef800000,0x00000000f1180000)
 ParOldGen       total 98304K, used 38587K [0x00000000a0000000, 0x00000000a6000000, 0x00000000e0000000)
  object space 98304K, 39% used [0x00000000a0000000,0x00000000a25aee38,0x00000000a6000000)
 Metaspace       used 72831K, capacity 75696K, committed 75776K, reserved 1116160K
  class space    used 9359K, capacity 9922K, committed 9984K, reserved 1048576K
}
Event: 3423.117 GC heap before
{Heap before GC invocations=32 (full 7):
 PSYoungGen      total 253952K, used 13024K [0x00000000e0000000, 0x00000000f1180000, 0x0000000100000000)
  eden space 227840K, 0% used [0x00000000e0000000,0x00000000e0000000,0x00000000ede80000)
  from space 26112K, 49% used [0x00000000ede80000,0x00000000eeb38380,0x00000000ef800000)
  to   space 26112K, 0% used [0x00000000ef800000,0x00000000ef800000,0x00000000f1180000)
 ParOldGen       total 98304K, used 38587K [0x00000000a0000000, 0x00000000a6000000, 0x00000000e0000000)
  object space 98304K, 39% used [0x00000000a0000000,0x00000000a25aee38,0x00000000a6000000)
 Metaspace       used 72831K, capacity 75696K, committed 75776K, reserved 1116160K
  class space    used 9359K, capacity 9922K, committed 9984K, reserved 1048576K
Event: 3429.667 GC heap after
Heap after GC invocations=32 (full 7):
 PSYoungGen      total 253952K, used 0K [0x00000000e0000000, 0x00000000f1180000, 0x0000000100000000)
  eden space 227840K, 0% used [0x00000000e0000000,0x00000000e0000000,0x00000000ede80000)
  from space 26112K, 0% used [0x00000000ede80000,0x00000000ede80000,0x00000000ef800000)
  to   space 26112K, 0% used [0x00000000ef800000,0x00000000ef800000,0x00000000f1180000)
 ParOldGen       total 98304K, used 51039K [0x00000000a0000000, 0x00000000a6000000, 0x00000000e0000000)
  object space 98304K, 51% used [0x00000000a0000000,0x00000000a31d7ed8,0x00000000a6000000)
 Metaspace       used 72831K, capacity 75696K, committed 75776K, reserved 1116160K
  class space    used 9359K, capacity 9922K, committed 9984K, reserved 1048576K
}

